0 info it worked if it ends with ok
1 verbose cli [ '/usr/local/bin/node',
1 verbose cli   '/usr/local/bin/npm',
1 verbose cli   'version',
1 verbose cli   'minor' ]
2 info using npm@3.3.4
3 info using node@v4.1.1
4 info git [ 'status', '--porcelain' ]
5 info lifecycle jasmine-promise@0.1.0~preversion: jasmine-promise@0.1.0
6 verbose lifecycle jasmine-promise@0.1.0~preversion: unsafe-perm in lifecycle true
7 verbose lifecycle jasmine-promise@0.1.0~preversion: PATH: /usr/local/lib/node_modules/npm/bin/node-gyp-bin:/Users/mattewhill/Documents/Personal/jasmine-promise/node_modules/.bin:/usr/local/bin:/usr/bin:/bin:/usr/sbin:/sbin
8 verbose lifecycle jasmine-promise@0.1.0~preversion: CWD: /Users/mattewhill/Documents/Personal/jasmine-promise
9 silly lifecycle jasmine-promise@0.1.0~preversion: Args: [ '-c', 'gulp test && gulp package && git add -A dist' ]
10 silly lifecycle jasmine-promise@0.1.0~preversion: Returned: code: 1  signal: null
11 info lifecycle jasmine-promise@0.1.0~preversion: Failed to exec preversion script
12 verbose stack Error: jasmine-promise@0.1.0 preversion: `gulp test && gulp package && git add -A dist`
12 verbose stack Exit status 1
12 verbose stack     at EventEmitter.<anonymous> (/usr/local/lib/node_modules/npm/lib/utils/lifecycle.js:233:16)
12 verbose stack     at emitTwo (events.js:87:13)
12 verbose stack     at EventEmitter.emit (events.js:172:7)
12 verbose stack     at ChildProcess.<anonymous> (/usr/local/lib/node_modules/npm/lib/utils/spawn.js:24:14)
12 verbose stack     at emitTwo (events.js:87:13)
12 verbose stack     at ChildProcess.emit (events.js:172:7)
12 verbose stack     at maybeClose (internal/child_process.js:817:16)
12 verbose stack     at Process.ChildProcess._handle.onexit (internal/child_process.js:211:5)
13 verbose pkgid jasmine-promise@0.1.0
14 verbose cwd /Users/mattewhill/Documents/Personal/jasmine-promise
15 error Darwin 15.0.0
16 error argv "/usr/local/bin/node" "/usr/local/bin/npm" "version" "minor"
17 error node v4.1.1
18 error npm  v3.3.4
19 error code ELIFECYCLE
20 error jasmine-promise@0.1.0 preversion: `gulp test && gulp package && git add -A dist`
20 error Exit status 1
21 error Failed at the jasmine-promise@0.1.0 preversion script 'gulp test && gulp package && git add -A dist'.
21 error This is most likely a problem with the jasmine-promise package,
21 error not with npm itself.
21 error Tell the author that this fails on your system:
21 error     gulp test && gulp package && git add -A dist
21 error You can get their info via:
21 error     npm owner ls jasmine-promise
21 error There is likely additional logging output above.
22 verbose exit [ 1, true ]
